<?xml version="1.0" encoding="UTF-8"?>
<testsuite xmlns:xsi="http://www.w3.org/2001/XMLSchema-instance" xsi:noNamespaceSchemaLocation="https://maven.apache.org/surefire/maven-surefire-plugin/xsd/surefire-test-report-3.0.xsd" version="3.0" name="test.OperationTest" time="0.056" tests="6" errors="0" skipped="0" failures="0">
  <properties>
[...]
</properties>
  <testcase name="divideTest" classname="test.OperationTest" time="0.029"/>
  <testcase name="substractTest" classname="test.OperationTest" time="0.003"/>
  <testcase name="deriveTest" classname="test.OperationTest" time="0.001"/>
  <testcase name="integrateTest" classname="test.OperationTest" time="0.001"/>
  <testcase name="addTest" classname="test.OperationTest" time="0"/>
  <testcase name="multiplyTest" classname="test.OperationTest" time="0"/>
</testsuite>